{"timestamp": "2025-06-18T03:05:04.517146", "type": "APPSTATE", "from": "APPSTATE.MAIN_MENU", "to": "APPSTATE.QUIT"}
{"timestamp": "2025-06-18T03:07:13.667263", "type": "APPSTATE", "from": "APPSTATE.MAIN_MENU", "to": "APPSTATE.IN_GAME"}
{"timestamp": "2025-06-18T03:07:14.588272", "type": "GAMESTATE", "from": "GAMESTATE.PLAYING", "to": "GAMESTATE.PAUSED"}
{"timestamp": "2025-06-18T03:07:37.760710", "type": "APPSTATE", "from": "APPSTATE.MAIN_MENU", "to": "APPSTATE.IN_GAME"}
{"timestamp": "2025-06-18T03:07:38.033841", "type": "GAMESTATE", "from": "GAMESTATE.PLAYING", "to": "GAMESTATE.PAUSED"}
{"timestamp": "2025-06-18T03:07:39.675850", "type": "GAMESTATE", "from": "GAMESTATE.PAUSED", "to": "GAMESTATE.PLAYING"}
{"timestamp": "2025-06-18T03:07:40.454155", "type": "GAMESTATE", "from": "GAMESTATE.PLAYING", "to": "GAMESTATE.PAUSED"}
{"timestamp": "2025-06-18T03:07:41.112734", "type": "GAMESTATE", "from": "GAMESTATE.PAUSED", "to": "GAMESTATE.PLAYING"}
{"timestamp": "2025-06-18T03:07:41.112906", "type": "APPSTATE", "from": "APPSTATE.IN_GAME", "to": "APPSTATE.MAIN_MENU"}
{"timestamp": "2025-06-18T03:07:42.529787", "type": "APPSTATE", "from": "APPSTATE.MAIN_MENU", "to": "APPSTATE.IN_GAME"}
{"timestamp": "2025-06-18T03:07:43.238962", "type": "GAMESTATE", "from": "GAMESTATE.PLAYING", "to": "GAMESTATE.PAUSED"}
{"timestamp": "2025-06-18T03:07:43.849856", "type": "APPSTATE", "from": "APPSTATE.IN_GAME", "to": "APPSTATE.QUIT"}
{"timestamp": "2025-06-18T03:10:24.052719", "type": "APPSTATE", "from": "APPSTATE.MAIN_MENU", "to": "APPSTATE.IN_GAME"}
{"timestamp": "2025-06-18T03:10:24.906628", "type": "GAMESTATE", "from": "GAMESTATE.PLAYING", "to": "GAMESTATE.PAUSED"}
{"timestamp": "2025-06-18T03:10:25.601610", "type": "APPSTATE", "from": "APPSTATE.IN_GAME", "to": "APPSTATE.QUIT"}
{"timestamp": "2025-06-18T03:10:33.641943", "type": "APPSTATE", "from": "APPSTATE.MAIN_MENU", "to": "APPSTATE.IN_GAME"}
{"timestamp": "2025-06-18T03:10:43.543816", "type": "GAMESTATE", "from": "GAMESTATE.PLAYING", "to": "GAMESTATE.PAUSED"}
{"timestamp": "2025-06-18T03:10:44.723021", "type": "APPSTATE", "from": "APPSTATE.IN_GAME", "to": "APPSTATE.QUIT"}
{"timestamp": "2025-06-18T03:11:35.545260", "type": "APPSTATE", "from": "APPSTATE.MAIN_MENU", "to": "APPSTATE.QUIT"}
{"timestamp": "2025-06-18T03:30:46.613776", "type": "APPSTATE", "from": "APPSTATE.MAIN_MENU", "to": "APPSTATE.IN_GAME"}
{"timestamp": "2025-06-18T03:30:47.288049", "type": "GAMESTATE", "from": "GAMESTATE.PLAYING", "to": "GAMESTATE.PAUSED"}
{"timestamp": "2025-06-18T03:30:48.105543", "type": "GAMESTATE", "from": "GAMESTATE.PAUSED", "to": "GAMESTATE.PLAYING"}
{"timestamp": "2025-06-18T03:30:48.105697", "type": "APPSTATE", "from": "APPSTATE.IN_GAME", "to": "APPSTATE.MAIN_MENU"}
{"timestamp": "2025-06-18T03:30:49.636870", "type": "APPSTATE", "from": "APPSTATE.MAIN_MENU", "to": "APPSTATE.QUIT"}
{"timestamp": "2025-06-18T03:34:37.703343", "type": "APPSTATE", "from": "APPSTATE.MAIN_MENU", "to": "APPSTATE.QUIT"}
{"timestamp": "2025-06-18T03:36:17.178622", "type": "APPSTATE", "from": "APPSTATE.MAIN_MENU", "to": "APPSTATE.QUIT"}
{"timestamp": "2025-06-18T03:48:42.186782", "type": "APPSTATE", "from": "APPSTATE.MAIN_MENU", "to": "APPSTATE.QUIT"}
{"timestamp": "2025-06-18T03:50:55.530940", "type": "APPSTATE", "from": "APPSTATE.MAIN_MENU", "to": "APPSTATE.QUIT"}
{"timestamp": "2025-06-20T14:32:39.749950", "type": "APPSTATE", "from": "APPSTATE.MAIN_MENU", "to": "APPSTATE.QUIT"}
{"timestamp": "2025-06-20T14:49:54.189482", "type": "APPSTATE", "from": "APPSTATE.MAIN_MENU", "to": "APPSTATE.QUIT"}
{"timestamp": "2025-06-20T14:50:27.879088", "type": "APPSTATE", "from": "APPSTATE.MAIN_MENU", "to": "APPSTATE.QUIT"}
{"timestamp": "2025-06-20T14:51:07.441906", "type": "APPSTATE", "from": "APPSTATE.MAIN_MENU", "to": "APPSTATE.QUIT"}
{"timestamp": "2025-06-20T15:00:53.029451", "type": "APPSTATE", "from": "APPSTATE.MAIN_MENU", "to": "APPSTATE.QUIT"}
{"timestamp": "2025-06-20T15:01:09.453134", "type": "APPSTATE", "from": "APPSTATE.MAIN_MENU", "to": "APPSTATE.IN_GAME"}
{"timestamp": "2025-06-20T15:01:28.776691", "type": "APPSTATE", "from": "APPSTATE.MAIN_MENU", "to": "APPSTATE.QUIT"}
{"timestamp": "2025-06-20T15:04:31.601077", "type": "APPSTATE", "from": "APPSTATE.MAIN_MENU", "to": "APPSTATE.QUIT"}
{"timestamp": "2025-06-20T15:06:45.253306", "type": "APPSTATE", "from": "APPSTATE.MAIN_MENU", "to": "APPSTATE.QUIT"}
{"timestamp": "2025-06-20T15:11:16.692149", "type": "APPSTATE", "from": "APPSTATE.MAIN_MENU", "to": "APPSTATE.QUIT"}
{"timestamp": "2025-06-20T15:18:28.338231", "type": "APPSTATE", "from": "APPSTATE.MAIN_MENU", "to": "APPSTATE.QUIT"}
{"timestamp": "2025-06-20T15:18:44.645803", "type": "APPSTATE", "from": "APPSTATE.MAIN_MENU", "to": "APPSTATE.QUIT"}
{"timestamp": "2025-06-20T15:26:47.911087", "type": "APPSTATE", "from": "APPSTATE.MAIN_MENU", "to": "APPSTATE.QUIT"}
{"timestamp": "2025-06-20T15:27:06.263312", "type": "APPSTATE", "from": "APPSTATE.MAIN_MENU", "to": "APPSTATE.QUIT"}
{"timestamp": "2025-06-20T15:35:39.744351", "type": "APPSTATE", "from": "APPSTATE.MAIN_MENU", "to": "APPSTATE.QUIT"}
{"timestamp": "2025-06-20T15:36:38.638104", "type": "APPSTATE", "from": "APPSTATE.MAIN_MENU", "to": "APPSTATE.QUIT"}
{"timestamp": "2025-06-20T15:46:58.207982", "type": "APPSTATE", "from": "APPSTATE.MAIN_MENU", "to": "APPSTATE.QUIT"}
{"timestamp": "2025-06-20T15:52:34.143648", "type": "APPSTATE", "from": "APPSTATE.MAIN_MENU", "to": "APPSTATE.QUIT"}
{"timestamp": "2025-06-20T16:58:59.555293", "type": "APPSTATE", "from": "APPSTATE.MAIN_MENU", "to": "APPSTATE.QUIT"}
{"timestamp": "2025-06-20T16:59:43.984897", "type": "APPSTATE", "from": "APPSTATE.MAIN_MENU", "to": "APPSTATE.IN_GAME"}
{"timestamp": "2025-06-20T16:59:51.810473", "type": "APPSTATE", "from": "APPSTATE.MAIN_MENU", "to": "APPSTATE.QUIT"}
