{"timestamp": "2025-06-17T23:41:44.900628", "type": "APPSTATE", "from": "APPSTATE.MAIN_MENU", "to": "APPSTATE.IN_GAME"}
{"timestamp": "2025-06-17T23:41:45.943452", "type": "GAMESTATE", "from": "GAMESTATE.PLAYING", "to": "GAMESTATE.PAUSED"}
{"timestamp": "2025-06-17T23:41:47.035014", "type": "GAMESTATE", "from": "GAMESTATE.PAUSED", "to": "GAMESTATE.PLAYING"}
{"timestamp": "2025-06-17T23:41:47.035230", "type": "APPSTATE", "from": "APPSTATE.IN_GAME", "to": "APPSTATE.MAIN_MENU"}
{"timestamp": "2025-06-17T23:41:48.051002", "type": "APPSTATE", "from": "APPSTATE.MAIN_MENU", "to": "APPSTATE.IN_GAME"}
{"timestamp": "2025-06-17T23:41:48.469138", "type": "GAMESTATE", "from": "GAMESTATE.PLAYING", "to": "GAMESTATE.PAUSED"}
{"timestamp": "2025-06-17T23:41:49.303764", "type": "GAMESTATE", "from": "GAMESTATE.PAUSED", "to": "GAMESTATE.PLAYING"}
{"timestamp": "2025-06-17T23:41:49.303885", "type": "APPSTATE", "from": "APPSTATE.IN_GAME", "to": "APPSTATE.MAIN_MENU"}
{"timestamp": "2025-06-17T23:41:50.637398", "type": "APPSTATE", "from": "APPSTATE.MAIN_MENU", "to": "APPSTATE.QUIT"}
{"timestamp": "2025-06-18T01:45:50.940216", "type": "APPSTATE", "from": "APPSTATE.MAIN_MENU", "to": "APPSTATE.IN_GAME"}
{"timestamp": "2025-06-18T01:45:53.858104", "type": "GAMESTATE", "from": "GAMESTATE.PLAYING", "to": "GAMESTATE.PAUSED"}
{"timestamp": "2025-06-18T01:45:55.418240", "type": "GAMESTATE", "from": "GAMESTATE.PAUSED", "to": "GAMESTATE.PLAYING"}
{"timestamp": "2025-06-18T01:45:55.418387", "type": "APPSTATE", "from": "APPSTATE.IN_GAME", "to": "APPSTATE.MAIN_MENU"}
{"timestamp": "2025-06-18T01:45:56.246990", "type": "APPSTATE", "from": "APPSTATE.MAIN_MENU", "to": "APPSTATE.IN_GAME"}
{"timestamp": "2025-06-18T01:45:57.594386", "type": "GAMESTATE", "from": "GAMESTATE.PLAYING", "to": "GAMESTATE.PAUSED"}
{"timestamp": "2025-06-18T01:45:58.815233", "type": "GAMESTATE", "from": "GAMESTATE.PAUSED", "to": "GAMESTATE.PLAYING"}
{"timestamp": "2025-06-18T01:45:58.815377", "type": "APPSTATE", "from": "APPSTATE.IN_GAME", "to": "APPSTATE.MAIN_MENU"}
{"timestamp": "2025-06-18T01:46:01.268126", "type": "APPSTATE", "from": "APPSTATE.MAIN_MENU", "to": "APPSTATE.IN_GAME"}
{"timestamp": "2025-06-18T01:46:02.443431", "type": "GAMESTATE", "from": "GAMESTATE.PLAYING", "to": "GAMESTATE.PAUSED"}
{"timestamp": "2025-06-18T01:46:03.031532", "type": "APPSTATE", "from": "APPSTATE.IN_GAME", "to": "APPSTATE.QUIT"}
